2024-11-04T12:09:24.187625800 : Пользователь null присоединился к чату
2024-11-04T12:14:24.060672500 : Hello, clients!
2024-11-04T12:14:24.063463100 : Пользователь Hello, clients! присоединился к чату
2024-11-04T12:14:24.063971700 : Пользователь Hello, clients! присоединился к чату
2024-11-04T12:14:24.068501600 : Hello, clients!: Пользователь Hello, clients! присоединился к чату
2024-11-04T12:14:24.068501600 : Hello, clients!: Пользователь Hello, clients! присоединился к чату
2024-11-04T12:14:24.068501600 : Hello, clients!: Пользователь Hello, clients! присоединился к чату
2024-11-04T12:14:24.068501600 : Hello, clients!: Пользователь Hello, clients! присоединился к чату
2024-11-04T12:14:24.070010 : Hello, clients!: Hello, clients!: Пользователь Hello, clients! присоединился к чату
2024-11-04T12:14:24.070078400 : Hello, clients!: Hello, clients!: Пользователь Hello, clients! присоединился к чату
2024-11-04T12:14:24.070078400 : Hello, clients!: Hello, clients!: Пользователь Hello, clients! присоединился к чату
2024-11-04T12:14:24.070078400 : Hello, clients!: Hello, clients!: Пользователь Hello, clients! присоединился к чату
2024-11-04T12:14:24.070078400 : Hello, clients!: Hello, clients!: Пользователь Hello, clients! присоединился к чату
2024-11-04T12:14:24.071019400 : Hello, clients!: Hello, clients!: Пользователь Hello, clients! присоединился к чату
2024-11-04T12:14:24.071324600 : Hello, clients!: Hello, clients!: Пользователь Hello, clients! присоединился к чату
2024-11-04T12:14:24.071324600 : Hello, clients!: Hello, clients!: Пользователь Hello, clients! присоединился к чату
2024-11-04T12:14:24.071831600 : Hello, clients!: Hello, clients!: Hello, clients!: Пользователь Hello, clients! присоединился к чату
2024-11-04T12:14:24.071831600 : Hello, clients!: Hello, clients!: Hello, clients!: Пользователь Hello, clients! присоединился к чату
2024-11-04T12:14:24.071831600 : Hello, clients!: Hello, clients!: Hello, clients!: Пользователь Hello, clients! присоединился к чату
2024-11-04T12:14:24.071831600 : Hello, clients!: Hello, clients!: Hello, clients!: Пользователь Hello, clients! присоединился к чату
2024-11-04T12:14:24.071831600 : Hello, clients!: Hello, clients!: Hello, clients!: Пользователь Hello, clients! присоединился к чату
2024-11-04T12:14:24.072988700 : Hello, clients!: Hello, clients!: Hello, clients!: Пользователь Hello, clients! присоединился к чату
2024-11-04T12:14:24.072988700 : Hello, clients!: Hello, clients!: Hello, clients!: Пользователь Hello, clients! присоединился к чату
2024-11-04T12:14:24.072988700 : Hello, clients!: Hello, clients!: Hello, clients!: Пользователь Hello, clients! присоединился к чату
2024-11-04T12:14:24.074000500 : Hello, clients!: Hello, clients!: Hello, clients!: Пользователь Hello, clients! присоединился к чату
2024-11-04T12:14:24.074000500 : Hello, clients!: Hello, clients!: Hello, clients!: Пользователь Hello, clients! присоединился к чату
2024-11-04T12:14:24.074000500 : Hello, clients!: Hello, clients!: Hello, clients!: Пользователь Hello, clients! присоединился к чату
2024-11-04T12:14:24.074000500 : Hello, clients!: Hello, clients!: Hello, clients!: Пользователь Hello, clients! присоединился к чату
2024-11-04T12:14:24.074000500 : Hello, clients!: Hello, clients!: Hello, clients!: Пользователь Hello, clients! присоединился к чату
2024-11-04T12:14:24.074000500 : Hello, clients!: Hello, clients!: Hello, clients!: Пользователь Hello, clients! присоединился к чату
2024-11-04T12:14:24.075000500 : Hello, clients!: Hello, clients!: Hello, clients!: Пользователь Hello, clients! присоединился к чату
2024-11-04T12:14:24.075000500 : Hello, clients!: Hello, clients!: Hello, clients!: Hello, clients!: Пользователь Hello, clients! присоединился к чату
2024-11-04T12:14:24.075000500 : Hello, clients!: Hello, clients!: Hello, clients!: Пользователь Hello, clients! присоединился к чату
2024-11-04T12:14:24.076003500 : Hello, clients!: Hello, clients!: Hello, clients!: Hello, clients!: Пользователь Hello, clients! присоединился к чату
2024-11-04T12:14:24.076003500 : Hello, clients!: Hello, clients!: Hello, clients!: Hello, clients!: Пользователь Hello, clients! присоединился к чату
2024-11-04T12:14:24.076003500 : Hello, clients!: Hello, clients!: Hello, clients!: Hello, clients!: Пользователь Hello, clients! присоединился к чату
2024-11-04T12:14:24.076510600 : Hello, clients!: Hello, clients!: Hello, clients!: Hello, clients!: Пользователь Hello, clients! присоединился к чату
2024-11-04T12:14:24.076510600 : Hello, clients!: Hello, clients!: Hello, clients!: Hello, clients!: Пользователь Hello, clients! присоединился к чату
2024-11-04T12:14:24.076510600 : Hello, clients!: Hello, clients!: Hello, clients!: Hello, clients!: Пользователь Hello, clients! присоединился к чату
2024-11-04T12:14:24.076510600 : Hello, clients!: Hello, clients!: Hello, clients!: Hello, clients!: Пользователь Hello, clients! присоединился к чату
2024-11-04T12:14:24.076510600 : Hello, clients!: Hello, clients!: Hello, clients!: Hello, clients!: Пользователь Hello, clients! присоединился к чату
2024-11-04T12:14:24.076510600 : Hello, clients!: Hello, clients!: Hello, clients!: Hello, clients!: Пользователь Hello, clients! присоединился к чату
2024-11-04T12:14:24.076510600 : Hello, clients!: Hello, clients!: Hello, clients!: Hello, clients!: Пользователь Hello, clients! присоединился к чату
2024-11-04T12:14:24.076510600 : Hello, clients!: Hello, clients!: Hello, clients!: Hello, clients!: Пользователь Hello, clients! присоединился к чату
2024-11-04T12:14:24.076510600 : Hello, clients!: Hello, clients!: Hello, clients!: Hello, clients!: Пользователь Hello, clients! присоединился к чату
2024-11-04T12:14:24.076510600 : Hello, clients!: Hello, clients!: Hello, clients!: Hello, clients!: Пользователь Hello, clients! присоединился к чату
2024-11-04T12:14:24.077519500 : Hello, clients!: Hello, clients!: Hello, clients!: Hello, clients!: Пользователь Hello, clients! присоединился к чату
2024-11-04T12:14:24.077671900 : Hello, clients!: Hello, clients!: Hello, clients!: Hello, clients!: Пользователь Hello, clients! присоединился к чату
2024-11-04T12:14:24.077671900 : Hello, clients!: Hello, clients!: Hello, clients!: Hello, clients!: Пользователь Hello, clients! присоединился к чату
2024-11-04T12:14:24.077671900 : Hello, clients!: Hello, clients!: Hello, clients!: Hello, clients!: Пользователь Hello, clients! присоединился к чату
2024-11-04T12:14:24.077671900 : Hello, clients!: Hello, clients!: Hello, clients!: Hello, clients!: Пользователь Hello, clients! присоединился к чату
2024-11-04T12:14:24.078178200 : Hello, clients!: Hello, clients!: Hello, clients!: Hello, clients!: Пользователь Hello, clients! присоединился к чату
2024-11-04T12:14:24.078178200 : Hello, clients!: Hello, clients!: Hello, clients!: Hello, clients!: Пользователь Hello, clients! присоединился к чату
2024-11-04T12:14:24.078178200 : Hello, clients!: Hello, clients!: Hello, clients!: Hello, clients!: Пользователь Hello, clients! присоединился к чату
2024-11-04T12:14:24.078178200 : Hello, clients!: Hello, clients!: Hello, clients!: Hello, clients!: Пользователь Hello, clients! присоединился к чату
2024-11-04T12:14:24.078178200 : Hello, clients!: Hello, clients!: Hello, clients!: Hello, clients!: Пользователь Hello, clients! присоединился к чату
2024-11-04T12:14:24.078178200 : Hello, clients!: Hello, clients!: Hello, clients!: Hello, clients!: Пользователь Hello, clients! присоединился к чату
2024-11-04T12:14:24.078178200 : Hello, clients!: Hello, clients!: Hello, clients!: Hello, clients!: Пользователь Hello, clients! присоединился к чату
2024-11-04T12:14:24.078178200 : Hello, clients!: Hello, clients!: Hello, clients!: Hello, clients!: Пользователь Hello, clients! присоединился к чату
2024-11-04T12:14:24.079187700 : Hello, clients!: Hello, clients!: Hello, clients!: Hello, clients!: Пользователь Hello, clients! присоединился к чату
2024-11-04T12:14:24.079187700 : Hello, clients!: Hello, clients!: Hello, clients!: Hello, clients!: Hello, clients!: Пользователь Hello, clients! присоединился к чату
2024-11-04T12:14:24.079187700 : Hello, clients!: Hello, clients!: Hello, clients!: Hello, clients!: Пользователь Hello, clients! присоединился к чату
2024-11-04T12:14:24.079187700 : Hello, clients!: Hello, clients!: Hello, clients!: Hello, clients!: Пользователь Hello, clients! присоединился к чату
2024-11-04T12:14:24.079187700 : Hello, clients!: Hello, clients!: Hello, clients!: Hello, clients!: Пользователь Hello, clients! присоединился к чату
2024-11-04T12:14:24.079187700 : Hello, clients!: Hello, clients!: Hello, clients!: Hello, clients!: Hello, clients!: Пользователь Hello, clients! присоединился к чату
2024-11-04T12:14:24.079187700 : Hello, clients!: Hello, clients!: Hello, clients!: Hello, clients!: Hello, clients!: Пользователь Hello, clients! присоединился к чату
2024-11-04T12:14:24.079187700 : Hello, clients!: Hello, clients!: Hello, clients!: Hello, clients!: Hello, clients!: Пользователь Hello, clients! присоединился к чату
2024-11-04T12:14:24.079187700 : Hello, clients!: Hello, clients!: Hello, clients!: Hello, clients!: Пользователь Hello, clients! присоединился к чату
2024-11-04T12:14:24.079187700 : Hello, clients!: Hello, clients!: Hello, clients!: Hello, clients!: Hello, clients!: Пользователь Hello, clients! присоединился к чату
2024-11-04T12:14:24.080187600 : Hello, clients!: Hello, clients!: Hello, clients!: Hello, clients!: Hello, clients!: Пользователь Hello, clients! присоединился к чату
2024-11-04T13:01:21.320072700 : Пользователь Вася присоединился к чату
2024-11-04T13:01:25.351057900 : Вася: всем проивет
2024-11-04T13:01:29.223529 : Вася: *привет
2024-11-04T13:01:32.263431400 : Вася: *всем пока
2024-11-04T13:01:41.512911700 : Вася вышел из чата
2024-11-04T14:17:55.569066900 : test
2024-11-04T14:25:29.579789 : test
